{
  "stats": {
    "suites": 1,
    "tests": 1,
    "passes": 1,
    "pending": 0,
    "failures": 0,
    "start": "2024-04-23T15:15:59.247Z",
    "end": "2024-04-23T15:15:59.253Z",
    "duration": 6,
    "testsRegistered": 1,
    "passPercent": 100,
    "pendingPercent": 0,
    "other": 0,
    "hasOther": false,
    "skipped": 0,
    "hasSkipped": false
  },
  "results": [
    {
      "uuid": "936e799c-0579-48ec-94af-02e09ad1f041",
      "title": "",
      "fullFile": "C:\\Users\\mariu\\JavaScript Projects\\Automation\\test\\numbers-validator\\isNumberEven.spec.js",
      "file": "\\test\\numbers-validator\\isNumberEven.spec.js",
      "beforeHooks": [],
      "afterHooks": [],
      "tests": [],
      "suites": [
        {
          "uuid": "bf76d8d3-f559-4a32-b2f1-addc4c1d0b8f",
          "title": "isNumberEven posituve tests",
          "fullFile": "C:\\Users\\mariu\\JavaScript Projects\\Automation\\test\\numbers-validator\\isNumberEven.spec.js",
          "file": "\\test\\numbers-validator\\isNumberEven.spec.js",
          "beforeHooks": [
            {
              "title": "\"before each\" hook in \"isNumberEven posituve tests\"",
              "fullTitle": "isNumberEven posituve tests \"before each\" hook in \"isNumberEven posituve tests\"",
              "timedOut": false,
              "duration": 0,
              "state": null,
              "speed": null,
              "pass": false,
              "fail": false,
              "pending": false,
              "context": null,
              "code": "validator  = new NumbersValidator();",
              "err": {},
              "uuid": "6e1d3ab3-e088-408a-afad-96728028dd76",
              "parentUUID": "bf76d8d3-f559-4a32-b2f1-addc4c1d0b8f",
              "isHook": true,
              "skipped": false
            }
          ],
          "afterHooks": [],
          "tests": [
            {
              "title": "should return true when provided with an even number",
              "fullTitle": "isNumberEven posituve tests should return true when provided with an even number",
              "timedOut": false,
              "duration": 1,
              "state": "passed",
              "speed": "fast",
              "pass": true,
              "fail": false,
              "pending": false,
              "context": null,
              "code": "const validationResults = validator.isNumberEven(4);\nexpect(validationResults).to.be.equal(true);",
              "err": {},
              "uuid": "93571659-9bc1-4284-ad04-c83a9f732cdb",
              "parentUUID": "bf76d8d3-f559-4a32-b2f1-addc4c1d0b8f",
              "isHook": false,
              "skipped": false
            }
          ],
          "suites": [],
          "passes": [
            "93571659-9bc1-4284-ad04-c83a9f732cdb"
          ],
          "failures": [],
          "pending": [],
          "skipped": [],
          "duration": 1,
          "root": false,
          "rootEmpty": false,
          "_timeout": 2000
        }
      ],
      "passes": [],
      "failures": [],
      "pending": [],
      "skipped": [],
      "duration": 0,
      "root": true,
      "rootEmpty": true,
      "_timeout": 2000
    }
  ],
  "meta": {
    "mocha": {
      "version": "10.4.0"
    },
    "mochawesome": {
      "options": {
        "quiet": false,
        "reportFilename": "mochawesome",
        "saveHtml": true,
        "saveJson": true,
        "consoleReporter": "spec",
        "useInlineDiffs": false,
        "code": true
      },
      "version": "7.1.3"
    },
    "marge": {
      "options": null,
      "version": "6.2.0"
    }
  }
}